<?xml version="1.0" encoding="UTF-8"?>
<robot generator="Robot 4.1.3 (Python 3.10.2 on win32)" generated="20220501 00:18:34.555" rpa="false" schemaversion="2">
<suite id="s1" name="Addition" source="C:\Users\nayan\Desktop\Ufal\tcc\robot-automation\Tests\addition.robot">
<test id="s1-t1" name="Simple addition">
<kw name="Open Application" library="AppiumLibrary">
<arg>http://localhost:4723/wd/hub</arg>
<arg>automationName=UiAutomator2</arg>
<arg>platformName=Android</arg>
<arg>deviceName=Emulator</arg>
<arg>app=C:/Users/nayan/Desktop/Ufal/tcc/robot-automation/apk/app-debug.apk</arg>
<arg>udid=emulator-5554</arg>
<doc>Opens a new application to given Appium server.
Capabilities of appium server, Android and iOS,
Please check https://github.com/appium/appium/blob/master/docs/en/writing-running-appium/server-args.md
| *Option*            | *Man.* | *Description*     |
| remote_url          | Yes    | Appium server url |
| alias               | no     | alias             |</doc>
<status status="PASS" starttime="20220501 00:18:34.863" endtime="20220501 00:18:51.355"/>
</kw>
<kw name="Add operation" library="addition">
<kw name="Click Element" library="AppiumLibrary">
<arg>${one}</arg>
<doc>Click element identified by `locator`.</doc>
<msg timestamp="20220501 00:18:51.360" level="INFO">Clicking element 'id=com.example.appexemplo:id/oneBTN'.</msg>
<status status="PASS" starttime="20220501 00:18:51.357" endtime="20220501 00:18:51.818"/>
</kw>
<kw name="Click Element" library="AppiumLibrary">
<arg>${add}</arg>
<doc>Click element identified by `locator`.</doc>
<msg timestamp="20220501 00:18:51.823" level="INFO">Clicking element 'id=com.example.appexemplo:id/addBTN'.</msg>
<status status="PASS" starttime="20220501 00:18:51.818" endtime="20220501 00:18:52.534"/>
</kw>
<kw name="Click Element" library="AppiumLibrary">
<arg>${two}</arg>
<doc>Click element identified by `locator`.</doc>
<msg timestamp="20220501 00:18:52.540" level="INFO">Clicking element 'id=com.example.appexemplo:id/twoBTN'.</msg>
<status status="PASS" starttime="20220501 00:18:52.534" endtime="20220501 00:18:53.117"/>
</kw>
<status status="PASS" starttime="20220501 00:18:51.356" endtime="20220501 00:18:53.118"/>
</kw>
<kw name="Show result" library="addition">
<kw name="Click Element" library="AppiumLibrary">
<arg>${result}</arg>
<doc>Click element identified by `locator`.</doc>
<msg timestamp="20220501 00:18:53.126" level="INFO">Clicking element 'id=com.example.appexemplo:id/equalsBTN'.</msg>
<status status="PASS" starttime="20220501 00:18:53.119" endtime="20220501 00:18:53.669"/>
</kw>
<status status="PASS" starttime="20220501 00:18:53.119" endtime="20220501 00:18:53.669"/>
</kw>
<kw name="Check result" library="addition">
<kw name="Element Text Should Be" library="AppiumLibrary">
<arg>${display}</arg>
<arg>3.0</arg>
<doc>Verifies element identified by ``locator`` exactly contains text ``expected``.</doc>
<msg timestamp="20220501 00:18:53.675" level="INFO">Verifying element 'id=com.example.appexemplo:id/input' contains exactly text '3.0'.</msg>
<status status="PASS" starttime="20220501 00:18:53.671" endtime="20220501 00:18:54.370"/>
</kw>
<status status="PASS" starttime="20220501 00:18:53.670" endtime="20220501 00:18:54.370"/>
</kw>
<kw name="Capture Page Screenshot" library="AppiumLibrary">
<doc>Takes a screenshot of the current page and embeds it into the log.</doc>
<msg timestamp="20220501 00:18:54.812" level="INFO" html="true">&lt;/td&gt;&lt;/tr&gt;&lt;tr&gt;&lt;td colspan="3"&gt;&lt;a href="appium-screenshot-1.png"&gt;&lt;img src="appium-screenshot-1.png" width="800px"&gt;&lt;/a&gt;</msg>
<status status="PASS" starttime="20220501 00:18:54.371" endtime="20220501 00:18:54.813"/>
</kw>
<kw name="Close Application" library="AppiumLibrary">
<doc>Closes the current application and also close webdriver session.</doc>
<status status="PASS" starttime="20220501 00:18:54.813" endtime="20220501 00:18:55.516"/>
</kw>
<status status="PASS" starttime="20220501 00:18:34.862" endtime="20220501 00:18:55.517"/>
</test>
<status status="PASS" starttime="20220501 00:18:34.559" endtime="20220501 00:18:55.519"/>
</suite>
<statistics>
<total>
<stat pass="1" fail="0" skip="0">All Tests</stat>
</total>
<tag>
</tag>
<suite>
<stat pass="1" fail="0" skip="0" id="s1" name="Addition">Addition</stat>
</suite>
</statistics>
<errors>
</errors>
</robot>
