<?xml version="1.0" encoding="UTF-8"?>
<robot generator="Robot 4.1.3 (Python 3.10.2 on win32)" generated="20220501 21:52:55.187" rpa="false" schemaversion="2">
<suite id="s1" name="Addition" source="C:\Users\nayan\Desktop\Ufal\tcc\robot-automation\Tests\addition.robot">
<test id="s1-t1" name="Simple addition">
<kw name="Open Application" library="AppiumLibrary">
<arg>http://localhost:4723/wd/hub</arg>
<arg>automationName=UiAutomator2</arg>
<arg>platformName=Android</arg>
<arg>deviceName=Emulator</arg>
<arg>app=C:/Users/nayan/Desktop/Ufal/tcc/robot-automation/apk/app-debug.apk</arg>
<arg>udid=emulator-5554</arg>
<doc>Opens a new application to given Appium server.
Capabilities of appium server, Android and iOS,
Please check https://github.com/appium/appium/blob/master/docs/en/writing-running-appium/server-args.md
| *Option*            | *Man.* | *Description*     |
| remote_url          | Yes    | Appium server url |
| alias               | no     | alias             |</doc>
<status status="PASS" starttime="20220501 21:52:55.504" endtime="20220501 21:53:12.332"/>
</kw>
<kw name="Add operation" library="addition">
<kw name="Click Element" library="AppiumLibrary">
<arg>${one}</arg>
<doc>Click element identified by `locator`.</doc>
<msg timestamp="20220501 21:53:12.345" level="INFO">Clicking element 'id=com.example.appexemplo:id/oneBTN'.</msg>
<status status="PASS" starttime="20220501 21:53:12.340" endtime="20220501 21:53:12.723"/>
</kw>
<kw name="Click Element" library="AppiumLibrary">
<arg>${add}</arg>
<doc>Click element identified by `locator`.</doc>
<msg timestamp="20220501 21:53:12.728" level="INFO">Clicking element 'id=com.example.appexemplo:id/addBTN'.</msg>
<status status="PASS" starttime="20220501 21:53:12.723" endtime="20220501 21:53:13.337"/>
</kw>
<kw name="Click Element" library="AppiumLibrary">
<arg>${two}</arg>
<doc>Click element identified by `locator`.</doc>
<msg timestamp="20220501 21:53:13.343" level="INFO">Clicking element 'id=com.example.appexemplo:id/twoBTN'.</msg>
<status status="PASS" starttime="20220501 21:53:13.338" endtime="20220501 21:53:13.940"/>
</kw>
<status status="PASS" starttime="20220501 21:53:12.339" endtime="20220501 21:53:13.941"/>
</kw>
<kw name="Show result" library="addition">
<kw name="Click Element" library="AppiumLibrary">
<arg>${result}</arg>
<doc>Click element identified by `locator`.</doc>
<msg timestamp="20220501 21:53:13.948" level="INFO">Clicking element 'id=com.example.appexemplo:id/equalsBTN'.</msg>
<status status="PASS" starttime="20220501 21:53:13.942" endtime="20220501 21:53:14.474"/>
</kw>
<status status="PASS" starttime="20220501 21:53:13.941" endtime="20220501 21:53:14.474"/>
</kw>
<kw name="Check result" library="addition">
<kw name="Element Text Should Be" library="AppiumLibrary">
<arg>${display}</arg>
<arg>3.0</arg>
<doc>Verifies element identified by ``locator`` exactly contains text ``expected``.</doc>
<msg timestamp="20220501 21:53:14.481" level="INFO">Verifying element 'id=com.example.appexemplo:id/input' contains exactly text '3.0'.</msg>
<status status="PASS" starttime="20220501 21:53:14.476" endtime="20220501 21:53:15.231"/>
</kw>
<status status="PASS" starttime="20220501 21:53:14.475" endtime="20220501 21:53:15.232"/>
</kw>
<kw name="Capture Page Screenshot" library="AppiumLibrary">
<doc>Takes a screenshot of the current page and embeds it into the log.</doc>
<msg timestamp="20220501 21:53:15.759" level="INFO" html="true">&lt;/td&gt;&lt;/tr&gt;&lt;tr&gt;&lt;td colspan="3"&gt;&lt;a href="appium-screenshot-1.png"&gt;&lt;img src="appium-screenshot-1.png" width="800px"&gt;&lt;/a&gt;</msg>
<status status="PASS" starttime="20220501 21:53:15.233" endtime="20220501 21:53:15.759"/>
</kw>
<kw name="Close Application" library="AppiumLibrary">
<doc>Closes the current application and also close webdriver session.</doc>
<status status="PASS" starttime="20220501 21:53:15.761" endtime="20220501 21:53:16.547"/>
</kw>
<status status="PASS" starttime="20220501 21:52:55.503" endtime="20220501 21:53:16.558"/>
</test>
<test id="s1-t2" name="Single parenthesis addition error">
<kw name="Open Application" library="AppiumLibrary">
<arg>http://localhost:4723/wd/hub</arg>
<arg>automationName=UiAutomator2</arg>
<arg>platformName=Android</arg>
<arg>deviceName=Emulator</arg>
<arg>app=C:/Users/nayan/Desktop/Ufal/tcc/robot-automation/apk/app-debug.apk</arg>
<arg>udid=emulator-5554</arg>
<doc>Opens a new application to given Appium server.
Capabilities of appium server, Android and iOS,
Please check https://github.com/appium/appium/blob/master/docs/en/writing-running-appium/server-args.md
| *Option*            | *Man.* | *Description*     |
| remote_url          | Yes    | Appium server url |
| alias               | no     | alias             |</doc>
<status status="PASS" starttime="20220501 21:53:16.562" endtime="20220501 21:53:31.875"/>
</kw>
<kw name="Single parenthesis operation" library="addition">
<kw name="Click Element" library="AppiumLibrary">
<arg>${parenthesis}</arg>
<doc>Click element identified by `locator`.</doc>
<msg timestamp="20220501 21:53:31.883" level="INFO">Clicking element 'id=com.example.appexemplo:id/parenthesisBTN'.</msg>
<status status="PASS" starttime="20220501 21:53:31.877" endtime="20220501 21:53:32.152"/>
</kw>
<kw name="Click Element" library="AppiumLibrary">
<arg>${one}</arg>
<doc>Click element identified by `locator`.</doc>
<msg timestamp="20220501 21:53:32.157" level="INFO">Clicking element 'id=com.example.appexemplo:id/oneBTN'.</msg>
<status status="PASS" starttime="20220501 21:53:32.152" endtime="20220501 21:53:32.768"/>
</kw>
<kw name="Click Element" library="AppiumLibrary">
<arg>${add}</arg>
<doc>Click element identified by `locator`.</doc>
<msg timestamp="20220501 21:53:32.773" level="INFO">Clicking element 'id=com.example.appexemplo:id/addBTN'.</msg>
<status status="PASS" starttime="20220501 21:53:32.768" endtime="20220501 21:53:33.375"/>
</kw>
<kw name="Click Element" library="AppiumLibrary">
<arg>${two}</arg>
<doc>Click element identified by `locator`.</doc>
<msg timestamp="20220501 21:53:33.381" level="INFO">Clicking element 'id=com.example.appexemplo:id/twoBTN'.</msg>
<status status="PASS" starttime="20220501 21:53:33.376" endtime="20220501 21:53:33.938"/>
</kw>
<status status="PASS" starttime="20220501 21:53:31.876" endtime="20220501 21:53:33.938"/>
</kw>
<kw name="Show result" library="addition">
<kw name="Click Element" library="AppiumLibrary">
<arg>${result}</arg>
<doc>Click element identified by `locator`.</doc>
<msg timestamp="20220501 21:53:33.945" level="INFO">Clicking element 'id=com.example.appexemplo:id/equalsBTN'.</msg>
<status status="PASS" starttime="20220501 21:53:33.941" endtime="20220501 21:53:34.525"/>
</kw>
<status status="PASS" starttime="20220501 21:53:33.940" endtime="20220501 21:53:34.525"/>
</kw>
<kw name="Check undefined result" library="addition">
<kw name="Element Text Should Be" library="AppiumLibrary">
<arg>${display}</arg>
<arg>NaN</arg>
<doc>Verifies element identified by ``locator`` exactly contains text ``expected``.</doc>
<msg timestamp="20220501 21:53:34.537" level="INFO">Verifying element 'id=com.example.appexemplo:id/input' contains exactly text 'NaN'.</msg>
<status status="PASS" starttime="20220501 21:53:34.532" endtime="20220501 21:53:35.215"/>
</kw>
<status status="PASS" starttime="20220501 21:53:34.532" endtime="20220501 21:53:35.215"/>
</kw>
<kw name="Capture Page Screenshot" library="AppiumLibrary">
<doc>Takes a screenshot of the current page and embeds it into the log.</doc>
<msg timestamp="20220501 21:53:35.735" level="INFO" html="true">&lt;/td&gt;&lt;/tr&gt;&lt;tr&gt;&lt;td colspan="3"&gt;&lt;a href="appium-screenshot-2.png"&gt;&lt;img src="appium-screenshot-2.png" width="800px"&gt;&lt;/a&gt;</msg>
<status status="PASS" starttime="20220501 21:53:35.216" endtime="20220501 21:53:35.735"/>
</kw>
<kw name="Close Application" library="AppiumLibrary">
<doc>Closes the current application and also close webdriver session.</doc>
<status status="PASS" starttime="20220501 21:53:35.736" endtime="20220501 21:53:36.607"/>
</kw>
<status status="PASS" starttime="20220501 21:53:16.561" endtime="20220501 21:53:36.608"/>
</test>
<status status="PASS" starttime="20220501 21:52:55.189" endtime="20220501 21:53:36.611"/>
</suite>
<statistics>
<total>
<stat pass="2" fail="0" skip="0">All Tests</stat>
</total>
<tag>
</tag>
<suite>
<stat pass="2" fail="0" skip="0" id="s1" name="Addition">Addition</stat>
</suite>
</statistics>
<errors>
</errors>
</robot>
