<?xml version="1.0" encoding="UTF-8"?>
<robot generator="Robot 5.0.1 (Python 3.10.4 on win32)" generated="20220710 17:21:22.522" rpa="false" schemaversion="3">
<suite id="s1" name="Addition" source="C:\Users\nayan\OneDrive\Área de Trabalho\Ufal\tcc\robot-automation\Tests\addition.robot">
<test id="s1-t1" name="Addition with a scientific notation result" line="29">
<kw name="Open Application" library="AppiumLibrary">
<arg>http://localhost:4723/wd/hub</arg>
<arg>automationName=UiAutomator2</arg>
<arg>platformName=Android</arg>
<arg>deviceName=Emulator</arg>
<arg>app=C:/tcc/apk/app-debug.apk</arg>
<arg>udid=emulator-5554</arg>
<doc>Opens a new application to given Appium server.
Capabilities of appium server, Android and iOS,
Please check https://github.com/appium/appium/blob/master/docs/en/writing-running-appium/server-args.md
| *Option*            | *Man.* | *Description*     |
| remote_url          | Yes    | Appium server url |
| alias               | no     | alias             |</doc>
<status status="PASS" starttime="20220710 17:21:22.881" endtime="20220710 17:21:42.530"/>
</kw>
<kw name="Add big numbers alt" library="addition">
<kw name="Big numbers operation" library="extend">
<arg>${nine_id}</arg>
<arg>${two_id}</arg>
<arg>${add_id}</arg>
<status status="PASS" starttime="20220710 17:21:42.533" endtime="20220710 17:21:58.291"/>
</kw>
<status status="PASS" starttime="20220710 17:21:42.532" endtime="20220710 17:21:58.292"/>
</kw>
<kw name="Show result" library="addition">
<kw name="Click Element" library="AppiumLibrary">
<arg>${result}</arg>
<doc>Click element identified by `locator`.</doc>
<msg timestamp="20220710 17:21:58.299" level="INFO">Clicking element 'id=com.example.appexemplo:id/equalsBTN'.</msg>
<status status="PASS" starttime="20220710 17:21:58.293" endtime="20220710 17:21:59.029"/>
</kw>
<status status="PASS" starttime="20220710 17:21:58.292" endtime="20220710 17:21:59.030"/>
</kw>
<kw name="Check if result is in scientific notation" library="addition">
<kw name="Element Should Contain Text" library="AppiumLibrary">
<arg>${display}</arg>
<arg>E</arg>
<doc>Verifies element identified by ``locator`` contains text ``expected``.</doc>
<msg timestamp="20220710 17:21:59.041" level="INFO">Verifying element 'id=com.example.appexemplo:id/input' contains text 'E'.</msg>
<status status="PASS" starttime="20220710 17:21:59.035" endtime="20220710 17:21:59.872"/>
</kw>
<status status="PASS" starttime="20220710 17:21:59.035" endtime="20220710 17:21:59.873"/>
</kw>
<kw name="Capture Page Screenshot" library="AppiumLibrary">
<doc>Takes a screenshot of the current page and embeds it into the log.</doc>
<msg timestamp="20220710 17:22:00.333" level="INFO" html="true">&lt;/td&gt;&lt;/tr&gt;&lt;tr&gt;&lt;td colspan="3"&gt;&lt;a href="appium-screenshot-1.png"&gt;&lt;img src="appium-screenshot-1.png" width="800px"&gt;&lt;/a&gt;</msg>
<status status="PASS" starttime="20220710 17:21:59.874" endtime="20220710 17:22:00.334"/>
</kw>
<kw name="Close Application" library="AppiumLibrary">
<doc>Closes the current application and also close webdriver session.</doc>
<status status="PASS" starttime="20220710 17:22:00.334" endtime="20220710 17:22:01.418"/>
</kw>
<status status="PASS" starttime="20220710 17:21:22.881" endtime="20220710 17:22:01.419"/>
</test>
<status status="PASS" starttime="20220710 17:21:22.524" endtime="20220710 17:22:01.420"/>
</suite>
<statistics>
<total>
<stat pass="1" fail="0" skip="0">All Tests</stat>
</total>
<tag>
</tag>
<suite>
<stat pass="1" fail="0" skip="0" id="s1" name="Addition">Addition</stat>
</suite>
</statistics>
<errors>
</errors>
</robot>
